<?xml version="1.0" encoding="UTF-8"?>
<testng-results ignored="0" total="1" passed="1" failed="0" skipped="0">
  <reporter-output>
  </reporter-output>
  <suite started-at="2023-03-03T23:15:52 IST" name="Default suite" finished-at="2023-03-03T23:16:02 IST" duration-ms="9630">
    <groups>
    </groups>
    <test started-at="2023-03-03T23:15:52 IST" name="Default test" finished-at="2023-03-03T23:16:02 IST" duration-ms="9630">
      <class name="TestNG.LoginWithWrongUsername">
        <test-method is-config="true" signature="launchUrl()[pri:0, instance:TestNG.LoginWithWrongUsername@3ce1e309]" started-at="2023-03-03T23:15:52 IST" name="launchUrl" finished-at="2023-03-03T23:16:00 IST" duration-ms="7854" status="PASS">
          <reporter-output>
          </reporter-output>
        </test-method> <!-- launchUrl -->
        <test-method signature="wrongUserName()[pri:0, instance:TestNG.LoginWithWrongUsername@3ce1e309]" started-at="2023-03-03T23:16:00 IST" name="wrongUserName" finished-at="2023-03-03T23:16:02 IST" duration-ms="1488" status="PASS">
          <reporter-output>
          </reporter-output>
        </test-method> <!-- wrongUserName -->
        <test-method is-config="true" signature="close()[pri:0, instance:TestNG.LoginWithWrongUsername@3ce1e309]" started-at="2023-03-03T23:16:02 IST" name="close" finished-at="2023-03-03T23:16:02 IST" duration-ms="225" status="PASS">
          <reporter-output>
          </reporter-output>
        </test-method> <!-- close -->
      </class> <!-- TestNG.LoginWithWrongUsername -->
    </test> <!-- Default test -->
  </suite> <!-- Default suite -->
</testng-results>
